<?xml version="1.0" encoding="UTF-8"?>
<!-- Generated by org.testng.reporters.JUnitReportReporter -->
<testsuite hostname="DESKTOP-T1R37VL" failures="0" tests="3" name="qa.tests.Testcase1" time="13.884" errors="0" timestamp="2024-03-06T10:01:24 IST" skipped="0">
  <testcase classname="qa.tests.Testcase1" name="sampleMethodForEnteringCredentials" time="4.494"/>
  <testcase classname="qa.tests.Testcase1" name="sampleMethodForEnteringCredentials" time="5.595"/>
  <testcase classname="qa.tests.Testcase1" name="sampleMethodForEnteringCredentials" time="3.795"/>
</testsuite> <!-- qa.tests.Testcase1 -->
